#
# There is insufficient memory for the Java Runtime Environment to continue.
# Native memory allocation (malloc) failed to allocate 1085776 bytes for Chunk::new
# Possible reasons:
#   The system is out of physical RAM or swap space
#   The process is running with CompressedOops enabled, and the Java Heap may be blocking the growth of the native heap
# Possible solutions:
#   Reduce memory load on the system
#   Increase physical memory or swap space
#   Check if swap backing store is full
#   Decrease Java heap size (-Xmx/-Xms)
#   Decrease number of Java threads
#   Decrease Java thread stack sizes (-Xss)
#   Set larger code cache with -XX:ReservedCodeCacheSize=
#   JVM is running with Unscaled Compressed Oops mode in which the Java heap is
#     placed in the first 4GB address space. The Java Heap base address is the
#     maximum limit for the native heap growth. Please use -XX:HeapBaseMinAddress
#     to set the Java Heap base and to place the Java Heap above 4GB virtual address.
# This output file may be truncated or incomplete.
#
#  Out of Memory Error (allocation.cpp:389), pid=5460, tid=0x0000000000008744
#
# JRE version: OpenJDK Runtime Environment (8.0_202-b03) (build 1.8.0_202-release-1483-b03)
# Java VM: OpenJDK 64-Bit Server VM (25.202-b03 mixed mode windows-amd64 compressed oops)
# Failed to write core dump. Minidumps are not enabled by default on client versions of Windows
#

---------------  T H R E A D  ---------------

Current thread (0x0000000018800800):  JavaThread "C2 CompilerThread0" daemon [_thread_in_native, id=34628, stack(0x0000000018fd0000,0x00000000190d0000)]

Stack: [0x0000000018fd0000,0x00000000190d0000]
[error occurred during error reporting (printing stack bounds), id 0xc0000005]

Native frames: (J=compiled Java code, j=interpreted, Vv=VM code, C=native code)


Current CompileTask:
C2:   8085 1493   !   4       java.net.URLClassLoader$1::run (63 bytes)


---------------  P R O C E S S  ---------------

Java Threads: ( => current thread )
  0x000000001a58b800 JavaThread "Cache worker for journal cache (C:\Users\57203\.gradle\caches\journal-1)" [_thread_blocked, id=22092, stack(0x000000001c170000,0x000000001c270000)]
  0x000000001a58c800 JavaThread "File lock request listener" [_thread_in_native, id=11796, stack(0x000000001c070000,0x000000001c170000)]
  0x000000001a58b000 JavaThread "Cache worker for file hash cache (C:\Users\57203\.gradle\caches\5.4.1\fileHashes)" [_thread_blocked, id=11840, stack(0x000000001bd70000,0x000000001be70000)]
  0x0000000018985000 JavaThread "Thread-9" [_thread_blocked, id=6332, stack(0x000000001bc70000,0x000000001bd70000)]
  0x000000001883f800 JavaThread "Stdin handler" [_thread_blocked, id=12136, stack(0x000000001bb70000,0x000000001bc70000)]
  0x000000001883d000 JavaThread "Asynchronous log dispatcher for DefaultDaemonConnection: socket connection from /127.0.0.1:59510 to /127.0.0.1:59512" [_thread_blocked, id=19180, stack(0x000000001b970000,0x000000001ba70000)]
  0x0000000018b54000 JavaThread "Daemon worker" [_thread_in_vm, id=43700, stack(0x000000001b870000,0x000000001b970000)]
  0x0000000018b53800 JavaThread "Cancel handler" [_thread_blocked, id=22600, stack(0x000000001b770000,0x000000001b870000)]
  0x0000000019b2d000 JavaThread "Handler for socket connection from /127.0.0.1:59510 to /127.0.0.1:59512" [_thread_in_native, id=47520, stack(0x000000001b470000,0x000000001b570000)]
  0x00000000188ed000 JavaThread "Daemon" [_thread_blocked, id=27296, stack(0x000000001b370000,0x000000001b470000)]
  0x0000000019b79000 JavaThread "Daemon periodic checks" [_thread_blocked, id=31860, stack(0x000000001b270000,0x000000001b370000)]
  0x0000000019b76000 JavaThread "Incoming local TCP Connector on port 59510" [_thread_in_native, id=32236, stack(0x000000001b0c0000,0x000000001b1c0000)]
  0x000000001a761800 JavaThread "Daemon health stats" [_thread_blocked, id=10440, stack(0x000000001ada0000,0x000000001aea0000)]
  0x000000001888a800 JavaThread "Service Thread" daemon [_thread_blocked, id=19624, stack(0x00000000193d0000,0x00000000194d0000)]
  0x0000000018857800 JavaThread "C1 CompilerThread3" daemon [_thread_blocked, id=41116, stack(0x00000000192d0000,0x00000000193d0000)]
  0x0000000018817000 JavaThread "C2 CompilerThread2" daemon [_thread_in_native, id=6272, stack(0x00000000191d0000,0x00000000192d0000)]
  0x0000000018803000 JavaThread "C2 CompilerThread1" daemon [_thread_in_native, id=8324, stack(0x00000000190d0000,0x00000000191d0000)]
=>0x0000000018800800 JavaThread "C2 CompilerThread0" daemon [_thread_in_native, id=34628, stack(0x0000000018fd0000,0x00000000190d0000)]
  0x00000000187fb800 JavaThread "Attach Listener" daemon [_thread_blocked, id=14288, stack(0x0000000018ed0000,0x0000000018fd0000)]
  0x00000000187a9000 JavaThread "Signal Dispatcher" daemon [_thread_blocked, id=2528, stack(0x0000000018dd0000,0x0000000018ed0000)]
  0x00000000169b2000 JavaThread "Finalizer" daemon [_thread_blocked, id=40096, stack(0x0000000018c70000,0x0000000018d70000)]
  0x0000000002b97800 JavaThread "Reference Handler" daemon [_thread_blocked, id=9964, stack(0x0000000018b70000,0x0000000018c70000)]
  0x0000000002bee800 JavaThread "main" [_thread_blocked, id=44208, stack(0x0000000002650000,0x0000000002750000)]

Other Threads:
  0x00000000169a7800 VMThread [stack: 0x0000000018670000,0x0000000018770000] [id=42652]
  0x0000000018874000 WatcherThread [stack: 0x00000000194d0000,0x00000000195d0000] [id=6248]

VM state:not at safepoint (normal execution)

VM Mutex/Monitor currently owned by a thread: None

heap address: 0x00000000a0000000, size: 1536 MB, Compressed Oops mode: 32-bit
Narrow klass base: 0x0000000000000000, Narrow klass shift: 3
Compressed class space size: 1073741824 Address: 0x0000000100000000

Heap:
 PSYoungGen      total 37888K, used 37093K [0x00000000e0000000, 0x00000000e2a00000, 0x0000000100000000)
  eden space 32768K, 97% used [0x00000000e0000000,0x00000000e1f3fa20,0x00000000e2000000)
  from space 5120K, 99% used [0x00000000e2000000,0x00000000e24f9bc8,0x00000000e2500000)
  to   space 5120K, 0% used [0x00000000e2500000,0x00000000e2500000,0x00000000e2a00000)
 ParOldGen       total 86016K, used 2107K [0x00000000a0000000, 0x00000000a5400000, 0x00000000e0000000)
  object space 86016K, 2% used [0x00000000a0000000,0x00000000a020ece8,0x00000000a5400000)
 Metaspace       used 15792K, capacity 16252K, committed 16512K, reserved 1062912K
  class space    used 2244K, capacity 2396K, committed 2432K, reserved 1048576K

Card table byte_map: [0x0000000011fb0000,0x00000000122c0000] byte_map_base: 0x0000000011ab0000

Marking Bits: (ParMarkBitMap*) 0x00000000766e9f30
 Begin Bits: [0x0000000012cc0000, 0x00000000144c0000)
 End Bits:   [0x00000000144c0000, 0x0000000015cc0000)

Polling page: 0x00000000005f0000

CodeCache: size=245760Kb used=5363Kb max_used=5378Kb free=240396Kb
 bounds [0x0000000002bf0000, 0x0000000003140000, 0x0000000011bf0000]
 total_blobs=1949 nmethods=1558 adapters=304
 compilation: enabled

Compilation events (10 events):
Event: 8.045 Thread 0x0000000018803000 nmethod 1530% 0x000000000312d690 code [0x000000000312d920, 0x000000000312e930]
Event: 8.045 Thread 0x0000000018803000 1531       4       com.google.common.base.CharMatcher::indexIn (48 bytes)
Event: 8.046 Thread 0x0000000018857800 1559       3       org.gradle.internal.service.DefaultServiceRegistry$SingletonService::getService (18 bytes)
Event: 8.047 Thread 0x0000000018857800 nmethod 1559 0x000000000312a510 code [0x000000000312a6a0, 0x000000000312a918]
Event: 8.047 Thread 0x0000000018857800 1560       3       org.gradle.internal.service.DefaultServiceRegistry::access$1200 (6 bytes)
Event: 8.047 Thread 0x0000000018857800 nmethod 1560 0x000000000312a190 code [0x000000000312a300, 0x000000000312a468]
Event: 8.051 Thread 0x0000000018803000 nmethod 1531 0x000000000312f890 code [0x000000000312f9e0, 0x000000000312fc58]
Event: 8.051 Thread 0x0000000018803000 1550       4       java.util.ArrayList$SubList$1::hasNext (20 bytes)
Event: 8.052 Thread 0x0000000018803000 nmethod 1550 0x00000000031272d0 code [0x0000000003127400, 0x0000000003127498]
Event: 8.052 Thread 0x0000000018803000 1546 %     4       com.google.common.io.LineBuffer::add @ 47 (204 bytes)

GC Heap History (6 events):
Event: 3.033 GC heap before
{Heap before GC invocations=1 (full 0):
 PSYoungGen      total 37888K, used 32768K [0x00000000e0000000, 0x00000000e2a00000, 0x0000000100000000)
  eden space 32768K, 100% used [0x00000000e0000000,0x00000000e2000000,0x00000000e2000000)
  from space 5120K, 0% used [0x00000000e2500000,0x00000000e2500000,0x00000000e2a00000)
  to   space 5120K, 0% used [0x00000000e2000000,0x00000000e2000000,0x00000000e2500000)
 ParOldGen       total 86016K, used 0K [0x00000000a0000000, 0x00000000a5400000, 0x00000000e0000000)
  object space 86016K, 0% used [0x00000000a0000000,0x00000000a0000000,0x00000000a5400000)
 Metaspace       used 7026K, capacity 7258K, committed 7424K, reserved 1056768K
  class space    used 855K, capacity 910K, committed 1024K, reserved 1048576K
Event: 3.049 GC heap after
Heap after GC invocations=1 (full 0):
 PSYoungGen      total 37888K, used 4599K [0x00000000e0000000, 0x00000000e2a00000, 0x0000000100000000)
  eden space 32768K, 0% used [0x00000000e0000000,0x00000000e0000000,0x00000000e2000000)
  from space 5120K, 89% used [0x00000000e2000000,0x00000000e247dd60,0x00000000e2500000)
  to   space 5120K, 0% used [0x00000000e2500000,0x00000000e2500000,0x00000000e2a00000)
 ParOldGen       total 86016K, used 8K [0x00000000a0000000, 0x00000000a5400000, 0x00000000e0000000)
  object space 86016K, 0% used [0x00000000a0000000,0x00000000a0002000,0x00000000a5400000)
 Metaspace       used 7026K, capacity 7258K, committed 7424K, reserved 1056768K
  class space    used 855K, capacity 910K, committed 1024K, reserved 1048576K
}
Event: 4.446 GC heap before
{Heap before GC invocations=2 (full 0):
 PSYoungGen      total 37888K, used 37367K [0x00000000e0000000, 0x00000000e2a00000, 0x0000000100000000)
  eden space 32768K, 100% used [0x00000000e0000000,0x00000000e2000000,0x00000000e2000000)
  from space 5120K, 89% used [0x00000000e2000000,0x00000000e247dd60,0x00000000e2500000)
  to   space 5120K, 0% used [0x00000000e2500000,0x00000000e2500000,0x00000000e2a00000)
 ParOldGen       total 86016K, used 8K [0x00000000a0000000, 0x00000000a5400000, 0x00000000e0000000)
  object space 86016K, 0% used [0x00000000a0000000,0x00000000a0002000,0x00000000a5400000)
 Metaspace       used 8717K, capacity 9014K, committed 9216K, reserved 1056768K
  class space    used 1120K, capacity 1177K, committed 1280K, reserved 1048576K
Event: 4.454 GC heap after
Heap after GC invocations=2 (full 0):
 PSYoungGen      total 37888K, used 4601K [0x00000000e0000000, 0x00000000e2a00000, 0x0000000100000000)
  eden space 32768K, 0% used [0x00000000e0000000,0x00000000e0000000,0x00000000e2000000)
  from space 5120K, 89% used [0x00000000e2500000,0x00000000e297e5f0,0x00000000e2a00000)
  to   space 5120K, 0% used [0x00000000e2000000,0x00000000e2000000,0x00000000e2500000)
 ParOldGen       total 86016K, used 16K [0x00000000a0000000, 0x00000000a5400000, 0x00000000e0000000)
  object space 86016K, 0% used [0x00000000a0000000,0x00000000a0004000,0x00000000a5400000)
 Metaspace       used 8717K, capacity 9014K, committed 9216K, reserved 1056768K
  class space    used 1120K, capacity 1177K, committed 1280K, reserved 1048576K
}
Event: 7.369 GC heap before
{Heap before GC invocations=3 (full 0):
 PSYoungGen      total 37888K, used 37369K [0x00000000e0000000, 0x00000000e2a00000, 0x0000000100000000)
  eden space 32768K, 100% used [0x00000000e0000000,0x00000000e2000000,0x00000000e2000000)
  from space 5120K, 89% used [0x00000000e2500000,0x00000000e297e5f0,0x00000000e2a00000)
  to   space 5120K, 0% used [0x00000000e2000000,0x00000000e2000000,0x00000000e2500000)
 ParOldGen       total 86016K, used 16K [0x00000000a0000000, 0x00000000a5400000, 0x00000000e0000000)
  object space 86016K, 0% used [0x00000000a0000000,0x00000000a0004000,0x00000000a5400000)
 Metaspace       used 13283K, capacity 13772K, committed 14080K, reserved 1060864K
  class space    used 1821K, capacity 1970K, committed 2048K, reserved 1048576K
Event: 7.382 GC heap after
Heap after GC invocations=3 (full 0):
 PSYoungGen      total 37888K, used 5094K [0x00000000e0000000, 0x00000000e2a00000, 0x0000000100000000)
  eden space 32768K, 0% used [0x00000000e0000000,0x00000000e0000000,0x00000000e2000000)
  from space 5120K, 99% used [0x00000000e2000000,0x00000000e24f9bc8,0x00000000e2500000)
  to   space 5120K, 0% used [0x00000000e2500000,0x00000000e2500000,0x00000000e2a00000)
 ParOldGen       total 86016K, used 2107K [0x00000000a0000000, 0x00000000a5400000, 0x00000000e0000000)
  object space 86016K, 2% used [0x00000000a0000000,0x00000000a020ece8,0x00000000a5400000)
 Metaspace       used 13283K, capacity 13772K, committed 14080K, reserved 1060864K
  class space    used 1821K, capacity 1970K, committed 2048K, reserved 1048576K
}

Deoptimization events (10 events):
Event: 7.003 Thread 0x0000000018b54000 Uncommon trap: reason=class_check action=maybe_recompile pc=0x0000000002e6b104 method=java.util.HashMap.putVal(ILjava/lang/Object;Ljava/lang/Object;ZZ)Ljava/lang/Object; @ 203
Event: 7.003 Thread 0x0000000018b54000 Uncommon trap: reason=class_check action=maybe_recompile pc=0x0000000002e6b104 method=java.util.HashMap.putVal(ILjava/lang/Object;Ljava/lang/Object;ZZ)Ljava/lang/Object; @ 203
Event: 7.003 Thread 0x0000000018b54000 Uncommon trap: reason=bimorphic action=maybe_recompile pc=0x0000000002e6acf0 method=java.util.HashMap.putVal(ILjava/lang/Object;Ljava/lang/Object;ZZ)Ljava/lang/Object; @ 253
Event: 7.003 Thread 0x0000000018b54000 Uncommon trap: reason=bimorphic action=maybe_recompile pc=0x0000000002e6acf0 method=java.util.HashMap.putVal(ILjava/lang/Object;Ljava/lang/Object;ZZ)Ljava/lang/Object; @ 253
Event: 7.003 Thread 0x0000000018b54000 Uncommon trap: reason=bimorphic action=maybe_recompile pc=0x0000000002e661d8 method=java.util.HashMap.putVal(ILjava/lang/Object;Ljava/lang/Object;ZZ)Ljava/lang/Object; @ 253
Event: 7.418 Thread 0x0000000018b54000 Uncommon trap: reason=class_check action=maybe_recompile pc=0x0000000002ecfd98 method=java.util.regex.Matcher.match(II)Z @ 86
Event: 7.447 Thread 0x0000000018b54000 Uncommon trap: reason=class_check action=maybe_recompile pc=0x0000000002ecfd98 method=java.util.regex.Matcher.match(II)Z @ 86
Event: 7.448 Thread 0x0000000018b54000 Uncommon trap: reason=class_check action=maybe_recompile pc=0x0000000002ecfd98 method=java.util.regex.Matcher.match(II)Z @ 86
Event: 7.448 Thread 0x0000000018b54000 Uncommon trap: reason=class_check action=maybe_recompile pc=0x0000000002e8a1dc method=java.util.regex.Matcher.match(II)Z @ 86
Event: 7.950 Thread 0x0000000018b54000 Uncommon trap: reason=unstable_if action=reinterpret pc=0x0000000002fb61b4 method=java.lang.String.lastIndexOf([CII[CIII)I @ 66

Classes redefined (0 events):
No events

Internal exceptions (10 events):
Event: 6.829 Thread 0x0000000019b2d000 Exception <a 'java/lang/NoSuchMethodError': <clinit>> (0x00000000e0ba43b8) thrown at [D:\src\AOSP-openjdk-cygwin\jdk8u\hotspot\src\share\vm\prims\jni.cpp, line 1614]
Event: 6.836 Thread 0x0000000019b2d000 Exception <a 'java/lang/NoSuchMethodError': <clinit>> (0x00000000e0bb77d8) thrown at [D:\src\AOSP-openjdk-cygwin\jdk8u\hotspot\src\share\vm\prims\jni.cpp, line 1614]
Event: 6.845 Thread 0x0000000019b2d000 Exception <a 'java/lang/NoSuchMethodError': <clinit>> (0x00000000e0bdebf8) thrown at [D:\src\AOSP-openjdk-cygwin\jdk8u\hotspot\src\share\vm\prims\jni.cpp, line 1614]
Event: 6.864 Thread 0x0000000019b2d000 Exception <a 'java/lang/NoSuchMethodError': <clinit>> (0x00000000e0bf6c40) thrown at [D:\src\AOSP-openjdk-cygwin\jdk8u\hotspot\src\share\vm\prims\jni.cpp, line 1614]
Event: 6.866 Thread 0x0000000019b2d000 Exception <a 'java/lang/NoSuchMethodError': <clinit>> (0x00000000e0bff8d0) thrown at [D:\src\AOSP-openjdk-cygwin\jdk8u\hotspot\src\share\vm\prims\jni.cpp, line 1614]
Event: 6.871 Thread 0x0000000019b2d000 Exception <a 'java/lang/NoSuchMethodError': <clinit>> (0x00000000e0c16180) thrown at [D:\src\AOSP-openjdk-cygwin\jdk8u\hotspot\src\share\vm\prims\jni.cpp, line 1614]
Event: 6.906 Thread 0x0000000019b2d000 Exception <a 'java/lang/NoSuchMethodError': <clinit>> (0x00000000e0c76af0) thrown at [D:\src\AOSP-openjdk-cygwin\jdk8u\hotspot\src\share\vm\prims\jni.cpp, line 1614]
Event: 6.914 Thread 0x0000000019b2d000 Exception <a 'java/lang/NoSuchMethodError': <clinit>> (0x00000000e0ca38e0) thrown at [D:\src\AOSP-openjdk-cygwin\jdk8u\hotspot\src\share\vm\prims\jni.cpp, line 1614]
Event: 6.923 Thread 0x0000000019b2d000 Exception <a 'java/lang/NoSuchMethodError': <clinit>> (0x00000000e0cd1d90) thrown at [D:\src\AOSP-openjdk-cygwin\jdk8u\hotspot\src\share\vm\prims\jni.cpp, line 1614]
Event: 6.925 Thread 0x0000000019b2d000 Exception <a 'java/lang/NoSuchMethodError': <clinit>> (0x00000000e0cdd090) thrown at [D:\src\AOSP-openjdk-cygwin\jdk8u\hotspot\src\share\vm\prims\jni.cpp, line 1614]

Events (10 events):
Event: 8.076 loading class org/gradle/model/internal/inspect/ModelRuleSourceDetector$1
Event: 8.076 loading class org/gradle/model/internal/inspect/ModelRuleSourceDetector$1 done
Event: 8.077 loading class org/gradle/api/internal/plugins/PotentialPlugin
Event: 8.077 loading class org/gradle/api/internal/plugins/PotentialPlugin done
Event: 8.077 loading class org/gradle/api/internal/plugins/DefaultPluginRegistry
Event: 8.077 loading class org/gradle/api/internal/plugins/DefaultPluginRegistry done
Event: 8.079 loading class org/gradle/api/internal/plugins/DefaultPluginRegistry$PotentialPluginCacheLoader
Event: 8.079 loading class org/gradle/api/internal/plugins/DefaultPluginRegistry$PotentialPluginCacheLoader done
Event: 8.080 loading class org/gradle/api/internal/plugins/DefaultPluginRegistry$1
Event: 8.080 loading class org/gradle/api/internal/plugins/DefaultPluginRegistry$1 done


Dynamic libraries:
0x00007ff766d60000 - 0x00007ff766d91000 	C:\Program Files\Android\Android Studio\jre\bin\java.exe
0x00007ffb55e20000 - 0x00007ffb56010000 	C:\WINDOWS\SYSTEM32\ntdll.dll
0x00007ffb54ea0000 - 0x00007ffb54f52000 	C:\WINDOWS\System32\KERNEL32.DLL
0x00007ffb53810000 - 0x00007ffb53ab3000 	C:\WINDOWS\System32\KERNELBASE.dll
0x00007ffb544f0000 - 0x00007ffb54593000 	C:\WINDOWS\System32\ADVAPI32.dll
0x00007ffb552f0000 - 0x00007ffb5538e000 	C:\WINDOWS\System32\msvcrt.dll
0x00007ffb55540000 - 0x00007ffb555d7000 	C:\WINDOWS\System32\sechost.dll
0x00007ffb55c40000 - 0x00007ffb55d60000 	C:\WINDOWS\System32\RPCRT4.dll
0x00007ffb54610000 - 0x00007ffb547a4000 	C:\WINDOWS\System32\USER32.dll
0x00007ffb53c60000 - 0x00007ffb53c81000 	C:\WINDOWS\System32\win32u.dll
0x00007ffb55ab0000 - 0x00007ffb55ad6000 	C:\WINDOWS\System32\GDI32.dll
0x00007ffb53d30000 - 0x00007ffb53ec4000 	C:\WINDOWS\System32\gdi32full.dll
0x00007ffb53ac0000 - 0x00007ffb53b5e000 	C:\WINDOWS\System32\msvcp_win.dll
0x00007ffb53b60000 - 0x00007ffb53c5a000 	C:\WINDOWS\System32\ucrtbase.dll
0x00007ffb306b0000 - 0x00007ffb30935000 	C:\WINDOWS\WinSxS\amd64_microsoft.windows.common-controls_6595b64144ccf1df_6.0.18362.476_none_e6c4b11b130f2595\COMCTL32.dll
0x00007ffb53fb0000 - 0x00007ffb542e6000 	C:\WINDOWS\System32\combase.dll
0x00007ffb53c90000 - 0x00007ffb53d10000 	C:\WINDOWS\System32\bcryptPrimitives.dll
0x00007ffb552b0000 - 0x00007ffb552de000 	C:\WINDOWS\System32\IMM32.DLL
0x0000000050e90000 - 0x0000000050f62000 	C:\Program Files\Android\Android Studio\jre\jre\bin\msvcr100.dll
0x0000000075f20000 - 0x0000000076766000 	C:\Program Files\Android\Android Studio\jre\jre\bin\server\jvm.dll
0x00007ffb55dd0000 - 0x00007ffb55dd8000 	C:\WINDOWS\System32\PSAPI.DLL
0x00007ffb470c0000 - 0x00007ffb470e4000 	C:\WINDOWS\SYSTEM32\WINMM.dll
0x00007ffb445f0000 - 0x00007ffb445f9000 	C:\WINDOWS\SYSTEM32\WSOCK32.dll
0x00007ffb55d60000 - 0x00007ffb55dcf000 	C:\WINDOWS\System32\WS2_32.dll
0x00007ffb47090000 - 0x00007ffb470bd000 	C:\WINDOWS\SYSTEM32\WINMMBASE.dll
0x00007ffb52e40000 - 0x00007ffb52e8a000 	C:\WINDOWS\System32\cfgmgr32.dll
0x00007ffb4c0e0000 - 0x00007ffb4c0ea000 	C:\WINDOWS\SYSTEM32\VERSION.dll
0x00007ffb490e0000 - 0x00007ffb490ef000 	C:\Program Files\Android\Android Studio\jre\jre\bin\verify.dll
0x00007ffb3fe60000 - 0x00007ffb3fe89000 	C:\Program Files\Android\Android Studio\jre\jre\bin\java.dll
0x00007ffb421c0000 - 0x00007ffb421d6000 	C:\Program Files\Android\Android Studio\jre\jre\bin\zip.dll
0x00007ffb547b0000 - 0x00007ffb54e95000 	C:\WINDOWS\System32\SHELL32.dll
0x00007ffb542f0000 - 0x00007ffb54399000 	C:\WINDOWS\System32\shcore.dll
0x00007ffb52fe0000 - 0x00007ffb5375e000 	C:\WINDOWS\System32\windows.storage.dll
0x00007ffb52d40000 - 0x00007ffb52d5f000 	C:\WINDOWS\System32\profapi.dll
0x00007ffb52d60000 - 0x00007ffb52daa000 	C:\WINDOWS\System32\powrprof.dll
0x00007ffb52cf0000 - 0x00007ffb52d00000 	C:\WINDOWS\System32\UMPDC.dll
0x00007ffb53f50000 - 0x00007ffb53fa2000 	C:\WINDOWS\System32\shlwapi.dll
0x00007ffb52d20000 - 0x00007ffb52d31000 	C:\WINDOWS\System32\kernel.appcore.dll
0x00007ffb53d10000 - 0x00007ffb53d27000 	C:\WINDOWS\System32\cryptsp.dll
0x00007ffb410b0000 - 0x00007ffb410ca000 	C:\Program Files\Android\Android Studio\jre\jre\bin\net.dll
0x00007ffb52560000 - 0x00007ffb525c7000 	C:\WINDOWS\system32\mswsock.dll
0x00007ffb3fd50000 - 0x00007ffb3fd61000 	C:\Program Files\Android\Android Studio\jre\jre\bin\nio.dll
0x00007ffb34dc0000 - 0x00007ffb34de6000 	C:\Users\57203\.gradle\native\29\windows-amd64\native-platform.dll
0x00007ffb48fb0000 - 0x00007ffb48fbd000 	C:\Program Files\Android\Android Studio\jre\jre\bin\management.dll
0x00007ffb52070000 - 0x00007ffb520a3000 	C:\WINDOWS\system32\rsaenh.dll
0x00007ffb52e10000 - 0x00007ffb52e36000 	C:\WINDOWS\System32\bcrypt.dll
0x00007ffb52c10000 - 0x00007ffb52c35000 	C:\WINDOWS\SYSTEM32\USERENV.dll
0x00007ffb52730000 - 0x00007ffb5273c000 	C:\WINDOWS\SYSTEM32\CRYPTBASE.dll
0x00007ffb52210000 - 0x00007ffb5224a000 	C:\WINDOWS\SYSTEM32\IPHLPAPI.DLL
0x00007ffb552e0000 - 0x00007ffb552e8000 	C:\WINDOWS\System32\NSI.dll
0x00007ffb4b4b0000 - 0x00007ffb4b4c6000 	C:\WINDOWS\SYSTEM32\dhcpcsvc6.DLL
0x00007ffb4b890000 - 0x00007ffb4b8ac000 	C:\WINDOWS\SYSTEM32\dhcpcsvc.DLL
0x00007ffb522b0000 - 0x00007ffb5237a000 	C:\WINDOWS\SYSTEM32\DNSAPI.dll

VM Arguments:
jvm_args: -Xmx1536m -Dfile.encoding=GBK -Duser.country=CN -Duser.language=zh -Duser.variant 
java_command: org.gradle.launcher.daemon.bootstrap.GradleDaemon 5.4.1
java_class_path (initial): C:\Users\57203\.gradle\wrapper\dists\gradle-5.4.1-all\3221gyojl5jsh0helicew7rwx\gradle-5.4.1\lib\gradle-launcher-5.4.1.jar
Launcher Type: SUN_STANDARD

Environment Variables:
JAVA_HOME=C:\Program Files\Java\jdk-12.0.2
JRE_HOME=C:\Program Files\Java\jdk-12.0.2
CLASSPATH=.;C:\Program Files\Java\jdk1.8.0_181\lib.jar;C:\Program Files\Java\jdk1.8.0_181\lib\tools.jar;
PATH=C:\Program Files (x86)\Common Files\Oracle\Java\javapath;C:\app\57203\product\11.2.0\dbhome_1\bin;C:\Windows\system32;C:\Windows;C:\Windows\System32\Wbem;C:\Windows\System32\WindowsPowerShell\v1.0\;C:\Windows\System32\OpenSSH\;C:\Program Files (x86)\NVIDIA Corporation\PhysX\Common;C:\WINDOWS\system32;C:\WINDOWS;C:\WINDOWS\System32\Wbem;C:\WINDOWS\System32\WindowsPowerShell\v1.0\;C:\WINDOWS\System32\OpenSSH\;C:\Program Files (x86)\Microsoft SQL Server\110\DTS\Binn\;C:\Program Files (x86)\Microsoft SQL Server\110\Tools\Binn\;C:\Program Files (x86)\Microsoft SQL Server\110\Tools\Binn\ManagementStudio\;C:\Program Files (x86)\Microsoft Visual Studio 10.0\Common7\IDE\PrivateAssemblies\;C:\apache-tomcat-9.0.27\lib\;C:\apache-tomcat-9.0.27\bin\;C:\Program Files\Java\jdk1.8.0_181\bin;C:\Users\57203\Anaconda3;C:\Users\57203\Anaconda3\Library\mingw-w64\bin;C:\Users\57203\Anaconda3\Library\usr\bin;C:\Users\57203\Anaconda3\Library\bin;C:\Users\57203\Anaconda3\Scripts;C:\Users\57203\AppData\Local\Microsoft\WindowsApps;C:\apache-tomcat-9.0.27;
USERNAME=57203
OS=Windows_NT
PROCESSOR_IDENTIFIER=Intel64 Family 6 Model 142 Stepping 11, GenuineIntel



---------------  S Y S T E M  ---------------

OS: Windows 10.0 , 64 bit Build 18362 (10.0.18362.329)

CPU:total 8 (initial active 8) (4 cores per cpu, 2 threads per core) family 6 model 142 stepping 11, cmov, cx8, fxsr, mmx, sse, sse2, sse3, ssse3, sse4.1, sse4.2, popcnt, avx, avx2, aes, clmul, erms, 3dnowpref, lzcnt, ht, tsc, tscinvbit, bmi1, bmi2, adx

Memory: 4k page, physical 8230644k(199976k free), swap 29743984k(2112k free)

vm_info: OpenJDK 64-Bit Server VM (25.202-b03) for windows-amd64 JRE (1.8.0_202-release-1483-b03), built by "builder" with MS VC++ 10.0 (VS2010)

time: Sun Nov 24 02:22:28 2019
timezone: 中国标准时间
elapsed time: 8 seconds (0d 0h 0m 8s)

