#
# There is insufficient memory for the Java Runtime Environment to continue.
# Native memory allocation (malloc) failed to allocate 1321936 bytes for Chunk::new
# Possible reasons:
#   The system is out of physical RAM or swap space
#   The process is running with CompressedOops enabled, and the Java Heap may be blocking the growth of the native heap
# Possible solutions:
#   Reduce memory load on the system
#   Increase physical memory or swap space
#   Check if swap backing store is full
#   Decrease Java heap size (-Xmx/-Xms)
#   Decrease number of Java threads
#   Decrease Java thread stack sizes (-Xss)
#   Set larger code cache with -XX:ReservedCodeCacheSize=
#   JVM is running with Unscaled Compressed Oops mode in which the Java heap is
#     placed in the first 4GB address space. The Java Heap base address is the
#     maximum limit for the native heap growth. Please use -XX:HeapBaseMinAddress
#     to set the Java Heap base and to place the Java Heap above 4GB virtual address.
# This output file may be truncated or incomplete.
#
#  Out of Memory Error (allocation.cpp:389), pid=34700, tid=0x000000000000c390
#
# JRE version: OpenJDK Runtime Environment (8.0_202-b03) (build 1.8.0_202-release-1483-b03)
# Java VM: OpenJDK 64-Bit Server VM (25.202-b03 mixed mode windows-amd64 compressed oops)
# Failed to write core dump. Minidumps are not enabled by default on client versions of Windows
#

---------------  T H R E A D  ---------------

Current thread (0x0000000016869800):  JavaThread "C2 CompilerThread0" daemon [_thread_in_native, id=50064, stack(0x0000000018e30000,0x0000000018f30000)]

Stack: [0x0000000018e30000,0x0000000018f30000]
[error occurred during error reporting (printing stack bounds), id 0xc0000005]

Native frames: (J=compiled Java code, j=interpreted, Vv=VM code, C=native code)


Current CompileTask:
C2:1534471 16344       4       org.gradle.cache.internal.DefaultCacheAccess$UnitOfWorkFileAccess::writeFile (14 bytes)


---------------  P R O C E S S  ---------------

Java Threads: ( => current thread )
  0x000000001f651800 JavaThread "Cache worker for execution history cache (C:\Users\57203\AndroidStudioProjects\Expriement3\.gradle\5.4.1\executionHistory)" [_thread_blocked, id=32240, stack(0x00000000262a0000,0x00000000263a0000)]
  0x000000001f654800 JavaThread "Execution worker for ':' Thread 7" [_thread_blocked, id=50088, stack(0x0000000025e20000,0x0000000025f20000)]
  0x000000001f651000 JavaThread "Execution worker for ':' Thread 6" [_thread_blocked, id=46876, stack(0x0000000025d20000,0x0000000025e20000)]
  0x000000001f64b000 JavaThread "Execution worker for ':' Thread 5" [_thread_blocked, id=36528, stack(0x0000000025c20000,0x0000000025d20000)]
  0x000000001f649800 JavaThread "Execution worker for ':' Thread 4" [_thread_blocked, id=6960, stack(0x0000000025b20000,0x0000000025c20000)]
  0x000000001f64a000 JavaThread "Execution worker for ':' Thread 3" [_thread_blocked, id=24152, stack(0x0000000025a20000,0x0000000025b20000)]
  0x000000001f64e800 JavaThread "Execution worker for ':' Thread 2" [_thread_blocked, id=18172, stack(0x0000000025720000,0x0000000025820000)]
  0x000000001f650000 JavaThread "Execution worker for ':'" [_thread_blocked, id=39516, stack(0x0000000025020000,0x0000000025120000)]
  0x000000001f64e000 JavaThread "Cache worker for file content cache (C:\Users\57203\AndroidStudioProjects\Expriement3\.gradle\5.4.1\fileContent)" [_thread_blocked, id=50528, stack(0x00000000242f0000,0x00000000243f0000)]
  0x000000001f64d000 JavaThread "Cache worker for Build Output Cleanup Cache (C:\Users\57203\AndroidStudioProjects\Expriement3\.gradle\buildOutputCleanup)" [_thread_blocked, id=41852, stack(0x0000000023bf0000,0x0000000023cf0000)]
  0x000000001f648000 JavaThread "Build operations Thread 8" [_thread_blocked, id=44384, stack(0x0000000022b20000,0x0000000022c20000)]
  0x000000001ff7a800 JavaThread "Build operations Thread 7" [_thread_blocked, id=51204, stack(0x0000000022a20000,0x0000000022b20000)]
  0x000000001ff81800 JavaThread "Build operations Thread 6" [_thread_blocked, id=46036, stack(0x0000000022920000,0x0000000022a20000)]
  0x000000001ff81000 JavaThread "Build operations Thread 5" [_thread_blocked, id=29016, stack(0x0000000022820000,0x0000000022920000)]
  0x000000001ff80000 JavaThread "Build operations Thread 4" [_thread_blocked, id=48604, stack(0x0000000022720000,0x0000000022820000)]
  0x000000001ff7e000 JavaThread "Build operations Thread 3" [_thread_blocked, id=34744, stack(0x0000000022620000,0x0000000022720000)]
  0x000000001ff7f800 JavaThread "Build operations Thread 2" [_thread_blocked, id=26480, stack(0x0000000022520000,0x0000000022620000)]
  0x000000001ff7c800 JavaThread "Build operations" [_thread_blocked, id=7840, stack(0x0000000021150000,0x0000000021250000)]
  0x000000001ff7e800 JavaThread "Cache worker for cache directory md-rule (C:\Users\57203\.gradle\caches\5.4.1\md-rule)" [_thread_blocked, id=50592, stack(0x00000000207c0000,0x00000000208c0000)]
  0x000000001ff73000 JavaThread "Cache worker for cache directory md-supplier (C:\Users\57203\.gradle\caches\5.4.1\md-supplier)" [_thread_blocked, id=52944, stack(0x000000001d080000,0x000000001d180000)]
  0x000000001ff7a000 JavaThread "Cache worker for file hash cache (C:\Users\57203\AndroidStudioProjects\Expriement3\.gradle\5.4.1\fileHashes)" [_thread_blocked, id=2244, stack(0x000000001b7b0000,0x000000001b8b0000)]
  0x000000001ff79000 JavaThread "Thread-178" [_thread_blocked, id=1380, stack(0x000000001b6b0000,0x000000001b7b0000)]
  0x000000001ff74000 JavaThread "Stdin handler" [_thread_blocked, id=11080, stack(0x000000001b5b0000,0x000000001b6b0000)]
  0x000000001ff72800 JavaThread "Asynchronous log dispatcher for DefaultDaemonConnection: socket connection from /127.0.0.1:63453 to /127.0.0.1:50527" [_thread_blocked, id=49676, stack(0x000000001b2b0000,0x000000001b3b0000)]
  0x000000001ff77800 JavaThread "Cancel handler" [_thread_blocked, id=48688, stack(0x0000000000b60000,0x0000000000c60000)]
  0x000000001ff74800 JavaThread "Handler for socket connection from /127.0.0.1:63453 to /127.0.0.1:50527" [_thread_in_native, id=6480, stack(0x0000000000a60000,0x0000000000b60000)]
  0x000000001f64f800 JavaThread "Daemon worker Thread 5" [_thread_in_native, id=27148, stack(0x000000001b1b0000,0x000000001b2b0000)]
  0x000000001f64c800 JavaThread "Daemon Thread 5" [_thread_blocked, id=51704, stack(0x0000000000960000,0x0000000000a60000)]
  0x000000001dfbb800 JavaThread "Cache worker for Java compile cache (C:\Users\57203\.gradle\caches\5.4.1\javaCompile)" [_thread_blocked, id=18800, stack(0x00000000261a0000,0x00000000262a0000)]
  0x000000001ff76000 JavaThread "Cache worker for file content cache (C:\Users\57203\.gradle\caches\5.4.1\fileContent)" [_thread_blocked, id=28484, stack(0x0000000024f20000,0x0000000025020000)]
  0x000000001ff7d000 JavaThread "Memory manager" [_thread_blocked, id=51020, stack(0x00000000245f0000,0x00000000246f0000)]
  0x000000001ff78800 JavaThread "Cache worker for execution history cache (C:\Users\57203\.gradle\caches\5.4.1\executionHistory)" [_thread_blocked, id=11948, stack(0x0000000021250000,0x0000000021350000)]
  0x000000001988b000 JavaThread "Cache worker for journal cache (C:\Users\57203\.gradle\caches\journal-1)" [_thread_blocked, id=24076, stack(0x000000001cf80000,0x000000001d080000)]
  0x000000001988e000 JavaThread "File lock request listener" [_thread_in_native, id=48092, stack(0x000000001ce80000,0x000000001cf80000)]
  0x0000000019889800 JavaThread "Cache worker for file hash cache (C:\Users\57203\.gradle\caches\5.4.1\fileHashes)" [_thread_blocked, id=51300, stack(0x000000001cb80000,0x000000001cc80000)]
  0x00000000187c4000 JavaThread "Daemon periodic checks" [_thread_blocked, id=7936, stack(0x000000001b0b0000,0x000000001b1b0000)]
  0x00000000197b6000 JavaThread "Incoming local TCP Connector on port 63453" [_thread_in_native, id=44072, stack(0x000000001af00000,0x000000001b000000)]
  0x000000001a9f2000 JavaThread "Daemon health stats" [_thread_blocked, id=47020, stack(0x000000001ac00000,0x000000001ad00000)]
  0x000000001875c000 JavaThread "Service Thread" daemon [_thread_blocked, id=52856, stack(0x0000000019230000,0x0000000019330000)]
  0x00000000186d6000 JavaThread "C1 CompilerThread3" daemon [_thread_blocked, id=12644, stack(0x0000000019130000,0x0000000019230000)]
  0x00000000186c8800 JavaThread "C2 CompilerThread2" daemon [_thread_in_native, id=42320, stack(0x0000000019030000,0x0000000019130000)]
  0x000000001686d800 JavaThread "C2 CompilerThread1" daemon [_thread_in_native, id=38020, stack(0x0000000018f30000,0x0000000019030000)]
=>0x0000000016869800 JavaThread "C2 CompilerThread0" daemon [_thread_in_native, id=50064, stack(0x0000000018e30000,0x0000000018f30000)]
  0x00000000186c0800 JavaThread "Attach Listener" daemon [_thread_blocked, id=41032, stack(0x0000000018d30000,0x0000000018e30000)]
  0x000000001866e000 JavaThread "Signal Dispatcher" daemon [_thread_blocked, id=52144, stack(0x0000000018c30000,0x0000000018d30000)]
  0x0000000002a9e000 JavaThread "Finalizer" daemon [_thread_blocked, id=24008, stack(0x0000000018b30000,0x0000000018c30000)]
  0x0000000002a95000 JavaThread "Reference Handler" daemon [_thread_blocked, id=37796, stack(0x0000000018a30000,0x0000000018b30000)]
  0x00000000024ce800 JavaThread "main" [_thread_blocked, id=50960, stack(0x00000000028a0000,0x00000000029a0000)]

Other Threads:
  0x0000000016858000 VMThread [stack: 0x0000000018530000,0x0000000018630000] [id=48284]
  0x000000001875d000 WatcherThread [stack: 0x0000000019330000,0x0000000019430000] [id=46124]

VM state:not at safepoint (normal execution)

VM Mutex/Monitor currently owned by a thread: None

heap address: 0x00000000a0000000, size: 1536 MB, Compressed Oops mode: 32-bit
Narrow klass base: 0x0000000000000000, Narrow klass shift: 3
Compressed class space size: 1073741824 Address: 0x0000000100000000

Heap:
 PSYoungGen      total 274944K, used 116181K [0x00000000e0000000, 0x00000000f5800000, 0x0000000100000000)
  eden space 247808K, 35% used [0x00000000e0000000,0x00000000e56fa928,0x00000000ef200000)
  from space 27136K, 99% used [0x00000000ef200000,0x00000000f0c7ae10,0x00000000f0c80000)
  to   space 40448K, 0% used [0x00000000f3080000,0x00000000f3080000,0x00000000f5800000)
 ParOldGen       total 123904K, used 94369K [0x00000000a0000000, 0x00000000a7900000, 0x00000000e0000000)
  object space 123904K, 76% used [0x00000000a0000000,0x00000000a5c28798,0x00000000a7900000)
 Metaspace       used 83588K, capacity 87290K, committed 87552K, reserved 1124352K
  class space    used 10991K, capacity 11677K, committed 11776K, reserved 1048576K

Card table byte_map: [0x0000000011e60000,0x0000000012170000] byte_map_base: 0x0000000011960000

Marking Bits: (ParMarkBitMap*) 0x00000000766e9f30
 Begin Bits: [0x0000000012b70000, 0x0000000014370000)
 End Bits:   [0x0000000014370000, 0x0000000015b70000)

Polling page: 0x0000000000830000

CodeCache: size=245760Kb used=44368Kb max_used=44368Kb free=201391Kb
 bounds [0x0000000002aa0000, 0x0000000005640000, 0x0000000011aa0000]
 total_blobs=13918 nmethods=13074 adapters=755
 compilation: enabled

Compilation events (10 events):
Event: 1534.359 Thread 0x00000000186d6000 16370       3       com.android.tools.analytics.CommonMetricsData$GarbageCollectionStatsDiffs::<init> (5 bytes)
Event: 1534.359 Thread 0x00000000186d6000 nmethod 16370 0x0000000005631c90 code [0x0000000005631de0, 0x0000000005631f90]
Event: 1534.376 Thread 0x00000000186d6000 16371       3       org.gradle.api.internal.tasks.properties.CompositePropertyVisitor::visitOutputFileProperty (47 bytes)
Event: 1534.377 Thread 0x00000000186d6000 nmethod 16371 0x0000000005632050 code [0x00000000056321c0, 0x00000000056324e8]
Event: 1534.418 Thread 0x00000000186d6000 16372       2       sun.security.provider.DigestBase::implCompressMultiBlock (23 bytes)
Event: 1534.418 Thread 0x00000000186d6000 nmethod 16372 0x0000000005632690 code [0x0000000005632800, 0x0000000005632a08]
Event: 1534.430 Thread 0x00000000186d6000 16373       3       org.gradle.internal.work.DefaultWorkerLeaseService$DefaultWorkerLease::createChild (9 bytes)
Event: 1534.430 Thread 0x00000000186d6000 nmethod 16373 0x0000000005632ad0 code [0x0000000005632c60, 0x0000000005633088]
Event: 1534.430 Thread 0x00000000186d6000 16374       3       org.gradle.internal.work.DefaultWorkerLeaseService::access$800 (6 bytes)
Event: 1534.431 Thread 0x00000000186d6000 nmethod 16374 0x0000000005633290 code [0x0000000005633400, 0x0000000005633788]

GC Heap History (10 events):
Event: 380.719 GC heap before
{Heap before GC invocations=18 (full 3):
 PSYoungGen      total 222720K, used 222707K [0x00000000e0000000, 0x00000000f1400000, 0x0000000100000000)
  eden space 202752K, 100% used [0x00000000e0000000,0x00000000ec600000,0x00000000ec600000)
  from space 19968K, 99% used [0x00000000ee600000,0x00000000ef97ce98,0x00000000ef980000)
  to   space 32768K, 0% used [0x00000000ec600000,0x00000000ec600000,0x00000000ee600000)
 ParOldGen       total 123904K, used 55479K [0x00000000a0000000, 0x00000000a7900000, 0x00000000e0000000)
  object space 123904K, 44% used [0x00000000a0000000,0x00000000a362ddf8,0x00000000a7900000)
 Metaspace       used 81153K, capacity 84402K, committed 84608K, reserved 1122304K
  class space    used 10916K, capacity 11549K, committed 11648K, reserved 1048576K
Event: 381.027 GC heap after
Heap after GC invocations=18 (full 3):
 PSYoungGen      total 235520K, used 10550K [0x00000000e0000000, 0x00000000f2d00000, 0x0000000100000000)
  eden space 202752K, 0% used [0x00000000e0000000,0x00000000e0000000,0x00000000ec600000)
  from space 32768K, 32% used [0x00000000ec600000,0x00000000ed04da08,0x00000000ee600000)
  to   space 31232K, 0% used [0x00000000f0e80000,0x00000000f0e80000,0x00000000f2d00000)
 ParOldGen       total 123904K, used 69274K [0x00000000a0000000, 0x00000000a7900000, 0x00000000e0000000)
  object space 123904K, 55% used [0x00000000a0000000,0x00000000a43a6a00,0x00000000a7900000)
 Metaspace       used 81153K, capacity 84402K, committed 84608K, reserved 1122304K
  class space    used 10916K, capacity 11549K, committed 11648K, reserved 1048576K
}
Event: 494.283 GC heap before
{Heap before GC invocations=19 (full 3):
 PSYoungGen      total 235520K, used 213297K [0x00000000e0000000, 0x00000000f2d00000, 0x0000000100000000)
  eden space 202752K, 99% used [0x00000000e0000000,0x00000000ec5fec60,0x00000000ec600000)
  from space 32768K, 32% used [0x00000000ec600000,0x00000000ed04da08,0x00000000ee600000)
  to   space 31232K, 0% used [0x00000000f0e80000,0x00000000f0e80000,0x00000000f2d00000)
 ParOldGen       total 123904K, used 69274K [0x00000000a0000000, 0x00000000a7900000, 0x00000000e0000000)
  object space 123904K, 55% used [0x00000000a0000000,0x00000000a43a6a00,0x00000000a7900000)
 Metaspace       used 82044K, capacity 85388K, committed 85632K, reserved 1124352K
  class space    used 10936K, capacity 11578K, committed 11648K, reserved 1048576K
Event: 494.595 GC heap after
Heap after GC invocations=19 (full 3):
 PSYoungGen      total 262656K, used 12193K [0x00000000e0000000, 0x00000000f2480000, 0x0000000100000000)
  eden space 240128K, 0% used [0x00000000e0000000,0x00000000e0000000,0x00000000eea80000)
  from space 22528K, 54% used [0x00000000f0e80000,0x00000000f1a684b8,0x00000000f2480000)
  to   space 29696K, 0% used [0x00000000eea80000,0x00000000eea80000,0x00000000f0780000)
 ParOldGen       total 123904K, used 69282K [0x00000000a0000000, 0x00000000a7900000, 0x00000000e0000000)
  object space 123904K, 55% used [0x00000000a0000000,0x00000000a43a8a00,0x00000000a7900000)
 Metaspace       used 82044K, capacity 85388K, committed 85632K, reserved 1124352K
  class space    used 10936K, capacity 11578K, committed 11648K, reserved 1048576K
}
Event: 793.295 GC heap before
{Heap before GC invocations=20 (full 3):
 PSYoungGen      total 262656K, used 252321K [0x00000000e0000000, 0x00000000f2480000, 0x0000000100000000)
  eden space 240128K, 100% used [0x00000000e0000000,0x00000000eea80000,0x00000000eea80000)
  from space 22528K, 54% used [0x00000000f0e80000,0x00000000f1a684b8,0x00000000f2480000)
  to   space 29696K, 0% used [0x00000000eea80000,0x00000000eea80000,0x00000000f0780000)
 ParOldGen       total 123904K, used 69282K [0x00000000a0000000, 0x00000000a7900000, 0x00000000e0000000)
  object space 123904K, 55% used [0x00000000a0000000,0x00000000a43a8a00,0x00000000a7900000)
 Metaspace       used 82588K, capacity 85956K, committed 86144K, reserved 1124352K
  class space    used 10954K, capacity 11608K, committed 11648K, reserved 1048576K
Event: 793.437 GC heap after
Heap after GC invocations=20 (full 3):
 PSYoungGen      total 269824K, used 11841K [0x00000000e0000000, 0x00000000f3900000, 0x0000000100000000)
  eden space 240128K, 0% used [0x00000000e0000000,0x00000000e0000000,0x00000000eea80000)
  from space 29696K, 39% used [0x00000000eea80000,0x00000000ef6104e8,0x00000000f0780000)
  to   space 28160K, 0% used [0x00000000f1d80000,0x00000000f1d80000,0x00000000f3900000)
 ParOldGen       total 123904K, used 69290K [0x00000000a0000000, 0x00000000a7900000, 0x00000000e0000000)
  object space 123904K, 55% used [0x00000000a0000000,0x00000000a43aaa00,0x00000000a7900000)
 Metaspace       used 82588K, capacity 85956K, committed 86144K, reserved 1124352K
  class space    used 10954K, capacity 11608K, committed 11648K, reserved 1048576K
}
Event: 1492.498 GC heap before
{Heap before GC invocations=21 (full 3):
 PSYoungGen      total 269824K, used 251953K [0x00000000e0000000, 0x00000000f3900000, 0x0000000100000000)
  eden space 240128K, 99% used [0x00000000e0000000,0x00000000eea7c0e0,0x00000000eea80000)
  from space 29696K, 39% used [0x00000000eea80000,0x00000000ef6104e8,0x00000000f0780000)
  to   space 28160K, 0% used [0x00000000f1d80000,0x00000000f1d80000,0x00000000f3900000)
 ParOldGen       total 123904K, used 69290K [0x00000000a0000000, 0x00000000a7900000, 0x00000000e0000000)
  object space 123904K, 55% used [0x00000000a0000000,0x00000000a43aaa00,0x00000000a7900000)
 Metaspace       used 83038K, capacity 86566K, committed 86656K, reserved 1124352K
  class space    used 10962K, capacity 11623K, committed 11648K, reserved 1048576K
Event: 1492.593 GC heap after
Heap after GC invocations=21 (full 3):
 PSYoungGen      total 241152K, used 9361K [0x00000000e0000000, 0x00000000f2700000, 0x0000000100000000)
  eden space 231424K, 0% used [0x00000000e0000000,0x00000000e0000000,0x00000000ee200000)
  from space 9728K, 96% used [0x00000000f1d80000,0x00000000f26a4618,0x00000000f2700000)
  to   space 27136K, 0% used [0x00000000ef200000,0x00000000ef200000,0x00000000f0c80000)
 ParOldGen       total 123904K, used 69298K [0x00000000a0000000, 0x00000000a7900000, 0x00000000e0000000)
  object space 123904K, 55% used [0x00000000a0000000,0x00000000a43aca00,0x00000000a7900000)
 Metaspace       used 83038K, capacity 86566K, committed 86656K, reserved 1124352K
  class space    used 10962K, capacity 11623K, committed 11648K, reserved 1048576K
}
Event: 1498.343 GC heap before
{Heap before GC invocations=22 (full 3):
 PSYoungGen      total 241152K, used 240785K [0x00000000e0000000, 0x00000000f2700000, 0x0000000100000000)
  eden space 231424K, 100% used [0x00000000e0000000,0x00000000ee200000,0x00000000ee200000)
  from space 9728K, 96% used [0x00000000f1d80000,0x00000000f26a4618,0x00000000f2700000)
  to   space 27136K, 0% used [0x00000000ef200000,0x00000000ef200000,0x00000000f0c80000)
 ParOldGen       total 123904K, used 69298K [0x00000000a0000000, 0x00000000a7900000, 0x00000000e0000000)
  object space 123904K, 55% used [0x00000000a0000000,0x00000000a43aca00,0x00000000a7900000)
 Metaspace       used 83251K, capacity 86708K, committed 86912K, reserved 1124352K
  class space    used 10963K, capacity 11624K, committed 11648K, reserved 1048576K
Event: 1498.678 GC heap after
Heap after GC invocations=22 (full 3):
 PSYoungGen      total 274944K, used 27115K [0x00000000e0000000, 0x00000000f5800000, 0x0000000100000000)
  eden space 247808K, 0% used [0x00000000e0000000,0x00000000e0000000,0x00000000ef200000)
  from space 27136K, 99% used [0x00000000ef200000,0x00000000f0c7ae10,0x00000000f0c80000)
  to   space 40448K, 0% used [0x00000000f3080000,0x00000000f3080000,0x00000000f5800000)
 ParOldGen       total 123904K, used 94369K [0x00000000a0000000, 0x00000000a7900000, 0x00000000e0000000)
  object space 123904K, 76% used [0x00000000a0000000,0x00000000a5c28798,0x00000000a7900000)
 Metaspace       used 83251K, capacity 86708K, committed 86912K, reserved 1124352K
  class space    used 10963K, capacity 11624K, committed 11648K, reserved 1048576K
}

Deoptimization events (10 events):
Event: 1494.143 Thread 0x000000001dfbe800 Uncommon trap: reason=array_check action=maybe_recompile pc=0x00000000035f7e90 method=java.util.ComparableTimSort.mergeHi(IIII)V @ 245
Event: 1494.145 Thread 0x000000001dfbe800 Uncommon trap: reason=array_check action=maybe_recompile pc=0x00000000035f7f18 method=java.util.ComparableTimSort.mergeHi(IIII)V @ 277
Event: 1494.148 Thread 0x000000001dfbe800 Uncommon trap: reason=array_check action=maybe_recompile pc=0x00000000035f7f18 method=java.util.ComparableTimSort.mergeHi(IIII)V @ 277
Event: 1495.623 Thread 0x000000001dfb7800 Uncommon trap: reason=unstable_if action=reinterpret pc=0x00000000040f6b64 method=java.util.concurrent.locks.ReentrantLock$Sync.nonfairTryAcquire(I)Z @ 19
Event: 1496.371 Thread 0x000000001dfba000 Uncommon trap: reason=speculate_class_check action=maybe_recompile pc=0x00000000042e45bc method=java.nio.charset.CharsetEncoder.reset()Ljava/nio/charset/CharsetEncoder; @ 1
Event: 1496.747 Thread 0x000000001dfbe800 Uncommon trap: reason=predicate action=maybe_recompile pc=0x0000000003b6793c method=java.util.ComparableTimSort.reverseRange([Ljava/lang/Object;II)V @ 8
Event: 1499.346 Thread 0x000000001dfc0800 Uncommon trap: reason=class_check action=maybe_recompile pc=0x0000000002fdfe38 method=java.util.zip.InflaterInputStream.read([BII)I @ 100
Event: 1532.583 Thread 0x000000001ff74800 Uncommon trap: reason=class_check action=maybe_recompile pc=0x0000000004f1fc20 method=java.lang.reflect.Array.newInstance(Ljava/lang/Class;I)Ljava/lang/Object; @ 2
Event: 1533.244 Thread 0x000000001f64f800 Uncommon trap: reason=null_check action=make_not_entrant pc=0x0000000003e47c20 method=org.gradle.api.internal.collections.CollectionFilter.filter(Ljava/lang/Object;)Ljava/lang/Object; @ 5
Event: 1534.119 Thread 0x000000001f64a000 Uncommon trap: reason=unstable_if action=reinterpret pc=0x0000000003f0fedc method=com.google.common.cache.LongAdder.add(J)V @ 95

Classes redefined (0 events):
No events

Internal exceptions (10 events):
Event: 795.688 Thread 0x000000001988f000 Exception <a 'sun/nio/fs/WindowsException'> (0x00000000e3cbebd8) thrown at [D:\src\AOSP-openjdk-cygwin\jdk8u\hotspot\src\share\vm\prims\jni.cpp, line 710]
Event: 797.032 Thread 0x000000001f64c800 Exception <a 'sun/nio/fs/WindowsException'> (0x00000000eba63268) thrown at [D:\src\AOSP-openjdk-cygwin\jdk8u\hotspot\src\share\vm\prims\jni.cpp, line 710]
Event: 798.031 Thread 0x000000001dfb6000 Exception <a 'sun/nio/fs/WindowsException'> (0x00000000ed0ec2d0) thrown at [D:\src\AOSP-openjdk-cygwin\jdk8u\hotspot\src\share\vm\prims\jni.cpp, line 710]
Event: 1496.546 Thread 0x000000001dfc4800 Exception <a 'sun/nio/fs/WindowsException'> (0x00000000e5fb1d00) thrown at [D:\src\AOSP-openjdk-cygwin\jdk8u\hotspot\src\share\vm\prims\jni.cpp, line 710]
Event: 1496.608 Thread 0x000000001dfc4800 Exception <a 'sun/nio/fs/WindowsException'> (0x00000000e60bc488) thrown at [D:\src\AOSP-openjdk-cygwin\jdk8u\hotspot\src\share\vm\prims\jni.cpp, line 710]
Event: 1496.883 Thread 0x000000001f64f800 Exception <a 'java/io/FileNotFoundException'> (0x00000000e6970598) thrown at [D:\src\AOSP-openjdk-cygwin\jdk8u\hotspot\src\share\vm\prims\jni.cpp, line 710]
Event: 1496.992 Thread 0x000000001dfc2000 Exception <a 'sun/nio/fs/WindowsException'> (0x00000000e6ac4cc0) thrown at [D:\src\AOSP-openjdk-cygwin\jdk8u\hotspot\src\share\vm\prims\jni.cpp, line 710]
Event: 1499.165 Thread 0x000000001ff72800 Exception <a 'sun/nio/fs/WindowsException'> (0x00000000e0686b20) thrown at [D:\src\AOSP-openjdk-cygwin\jdk8u\hotspot\src\share\vm\prims\jni.cpp, line 710]
Event: 1499.894 Thread 0x000000001f64f800 Exception <a 'sun/nio/fs/WindowsException'> (0x00000000e1ffc1d8) thrown at [D:\src\AOSP-openjdk-cygwin\jdk8u\hotspot\src\share\vm\prims\jni.cpp, line 710]
Event: 1533.244 Thread 0x000000001f64f800 Implicit null exception at 0x0000000003e47adf to 0x0000000003e47c0d

Events (10 events):
Event: 1534.119 Thread 0x000000001f64a000 DEOPT PACKING pc=0x0000000003f0fedc sp=0x0000000025b1e070
Event: 1534.119 Thread 0x000000001f64a000 DEOPT UNPACKING pc=0x0000000002ae557b sp=0x0000000025b1df20 mode 2
Event: 1534.149 Executing VM operation: RevokeBias
Event: 1534.152 Executing VM operation: RevokeBias done
Event: 1534.300 Executing VM operation: RevokeBias
Event: 1534.301 Executing VM operation: RevokeBias done
Event: 1534.301 Executing VM operation: RevokeBias
Event: 1534.301 Executing VM operation: RevokeBias done
Event: 1534.348 Executing VM operation: RevokeBias
Event: 1534.348 Executing VM operation: RevokeBias done


Dynamic libraries:
0x00007ff62b5a0000 - 0x00007ff62b5d1000 	C:\Program Files\Android\Android Studio\jre\bin\java.exe
0x00007ffb55e20000 - 0x00007ffb56010000 	C:\WINDOWS\SYSTEM32\ntdll.dll
0x00007ffb54ea0000 - 0x00007ffb54f52000 	C:\WINDOWS\System32\KERNEL32.DLL
0x00007ffb53810000 - 0x00007ffb53ab3000 	C:\WINDOWS\System32\KERNELBASE.dll
0x00007ffb544f0000 - 0x00007ffb54593000 	C:\WINDOWS\System32\ADVAPI32.dll
0x00007ffb552f0000 - 0x00007ffb5538e000 	C:\WINDOWS\System32\msvcrt.dll
0x00007ffb55540000 - 0x00007ffb555d7000 	C:\WINDOWS\System32\sechost.dll
0x00007ffb55c40000 - 0x00007ffb55d60000 	C:\WINDOWS\System32\RPCRT4.dll
0x00007ffb54610000 - 0x00007ffb547a4000 	C:\WINDOWS\System32\USER32.dll
0x00007ffb53c60000 - 0x00007ffb53c81000 	C:\WINDOWS\System32\win32u.dll
0x00007ffb55ab0000 - 0x00007ffb55ad6000 	C:\WINDOWS\System32\GDI32.dll
0x00007ffb53d30000 - 0x00007ffb53ec4000 	C:\WINDOWS\System32\gdi32full.dll
0x00007ffb53ac0000 - 0x00007ffb53b5e000 	C:\WINDOWS\System32\msvcp_win.dll
0x00007ffb53b60000 - 0x00007ffb53c5a000 	C:\WINDOWS\System32\ucrtbase.dll
0x00007ffb306b0000 - 0x00007ffb30935000 	C:\WINDOWS\WinSxS\amd64_microsoft.windows.common-controls_6595b64144ccf1df_6.0.18362.476_none_e6c4b11b130f2595\COMCTL32.dll
0x00007ffb53fb0000 - 0x00007ffb542e6000 	C:\WINDOWS\System32\combase.dll
0x00007ffb53c90000 - 0x00007ffb53d10000 	C:\WINDOWS\System32\bcryptPrimitives.dll
0x00007ffb552b0000 - 0x00007ffb552de000 	C:\WINDOWS\System32\IMM32.DLL
0x0000000050e90000 - 0x0000000050f62000 	C:\Program Files\Android\Android Studio\jre\jre\bin\msvcr100.dll
0x0000000075f20000 - 0x0000000076766000 	C:\Program Files\Android\Android Studio\jre\jre\bin\server\jvm.dll
0x00007ffb55dd0000 - 0x00007ffb55dd8000 	C:\WINDOWS\System32\PSAPI.DLL
0x00007ffb4c0e0000 - 0x00007ffb4c0ea000 	C:\WINDOWS\SYSTEM32\VERSION.dll
0x00007ffb470c0000 - 0x00007ffb470e4000 	C:\WINDOWS\SYSTEM32\WINMM.dll
0x00007ffb445f0000 - 0x00007ffb445f9000 	C:\WINDOWS\SYSTEM32\WSOCK32.dll
0x00007ffb55d60000 - 0x00007ffb55dcf000 	C:\WINDOWS\System32\WS2_32.dll
0x00007ffb47090000 - 0x00007ffb470bd000 	C:\WINDOWS\SYSTEM32\winmmbase.dll
0x00007ffb52e40000 - 0x00007ffb52e8a000 	C:\WINDOWS\System32\cfgmgr32.dll
0x00007ffb490e0000 - 0x00007ffb490ef000 	C:\Program Files\Android\Android Studio\jre\jre\bin\verify.dll
0x00007ffb3fe60000 - 0x00007ffb3fe89000 	C:\Program Files\Android\Android Studio\jre\jre\bin\java.dll
0x00007ffb421c0000 - 0x00007ffb421d6000 	C:\Program Files\Android\Android Studio\jre\jre\bin\zip.dll
0x00007ffb547b0000 - 0x00007ffb54e95000 	C:\WINDOWS\System32\SHELL32.dll
0x00007ffb542f0000 - 0x00007ffb54399000 	C:\WINDOWS\System32\shcore.dll
0x00007ffb52fe0000 - 0x00007ffb5375e000 	C:\WINDOWS\System32\windows.storage.dll
0x00007ffb52d40000 - 0x00007ffb52d5f000 	C:\WINDOWS\System32\profapi.dll
0x00007ffb52d60000 - 0x00007ffb52daa000 	C:\WINDOWS\System32\powrprof.dll
0x00007ffb52cf0000 - 0x00007ffb52d00000 	C:\WINDOWS\System32\UMPDC.dll
0x00007ffb53f50000 - 0x00007ffb53fa2000 	C:\WINDOWS\System32\shlwapi.dll
0x00007ffb52d20000 - 0x00007ffb52d31000 	C:\WINDOWS\System32\kernel.appcore.dll
0x00007ffb53d10000 - 0x00007ffb53d27000 	C:\WINDOWS\System32\cryptsp.dll
0x00007ffb410b0000 - 0x00007ffb410ca000 	C:\Program Files\Android\Android Studio\jre\jre\bin\net.dll
0x00007ffb52560000 - 0x00007ffb525c7000 	C:\WINDOWS\system32\mswsock.dll
0x00007ffb3fd50000 - 0x00007ffb3fd61000 	C:\Program Files\Android\Android Studio\jre\jre\bin\nio.dll
0x00007ffb34dc0000 - 0x00007ffb34de6000 	C:\Users\57203\.gradle\native\29\windows-amd64\native-platform.dll
0x00007ffb48fb0000 - 0x00007ffb48fbd000 	C:\Program Files\Android\Android Studio\jre\jre\bin\management.dll
0x00007ffb52070000 - 0x00007ffb520a3000 	C:\WINDOWS\system32\rsaenh.dll
0x00007ffb52e10000 - 0x00007ffb52e36000 	C:\WINDOWS\System32\bcrypt.dll
0x00007ffb52c10000 - 0x00007ffb52c35000 	C:\WINDOWS\SYSTEM32\USERENV.dll
0x00007ffb52730000 - 0x00007ffb5273c000 	C:\WINDOWS\SYSTEM32\CRYPTBASE.dll
0x00007ffb52210000 - 0x00007ffb5224a000 	C:\WINDOWS\SYSTEM32\IPHLPAPI.DLL
0x00007ffb552e0000 - 0x00007ffb552e8000 	C:\WINDOWS\System32\NSI.dll
0x00007ffb4b4b0000 - 0x00007ffb4b4c6000 	C:\WINDOWS\SYSTEM32\dhcpcsvc6.DLL
0x00007ffb4b890000 - 0x00007ffb4b8ac000 	C:\WINDOWS\SYSTEM32\dhcpcsvc.DLL
0x00007ffb522b0000 - 0x00007ffb5237a000 	C:\WINDOWS\SYSTEM32\DNSAPI.dll

VM Arguments:
jvm_args: -Xmx1536m -Dfile.encoding=GBK -Duser.country=CN -Duser.language=zh -Duser.variant 
java_command: org.gradle.launcher.daemon.bootstrap.GradleDaemon 5.4.1
java_class_path (initial): C:\Users\57203\.gradle\wrapper\dists\gradle-5.4.1-all\3221gyojl5jsh0helicew7rwx\gradle-5.4.1\lib\gradle-launcher-5.4.1.jar
Launcher Type: SUN_STANDARD

Environment Variables:
JAVA_HOME=C:\Program Files\Java\jdk-12.0.2
JRE_HOME=C:\Program Files\Java\jdk-12.0.2
CLASSPATH=.;C:\Program Files\Java\jdk1.8.0_181\lib.jar;C:\Program Files\Java\jdk1.8.0_181\lib\tools.jar;
PATH=C:\Program Files (x86)\Common Files\Oracle\Java\javapath;C:\app\57203\product\11.2.0\dbhome_1\bin;C:\Windows\system32;C:\Windows;C:\Windows\System32\Wbem;C:\Windows\System32\WindowsPowerShell\v1.0\;C:\Windows\System32\OpenSSH\;C:\Program Files (x86)\NVIDIA Corporation\PhysX\Common;C:\WINDOWS\system32;C:\WINDOWS;C:\WINDOWS\System32\Wbem;C:\WINDOWS\System32\WindowsPowerShell\v1.0\;C:\WINDOWS\System32\OpenSSH\;C:\Program Files (x86)\Microsoft SQL Server\110\DTS\Binn\;C:\Program Files (x86)\Microsoft SQL Server\110\Tools\Binn\;C:\Program Files (x86)\Microsoft SQL Server\110\Tools\Binn\ManagementStudio\;C:\Program Files (x86)\Microsoft Visual Studio 10.0\Common7\IDE\PrivateAssemblies\;C:\apache-tomcat-9.0.27\lib\;C:\apache-tomcat-9.0.27\bin\;C:\Program Files\Java\jdk1.8.0_181\bin;C:\Users\57203\Anaconda3;C:\Users\57203\Anaconda3\Library\mingw-w64\bin;C:\Users\57203\Anaconda3\Library\usr\bin;C:\Users\57203\Anaconda3\Library\bin;C:\Users\57203\Anaconda3\Scripts;C:\Users\57203\AppData\Local\Microsoft\WindowsApps;C:\apache-tomcat-9.0.27;
USERNAME=57203
OS=Windows_NT
PROCESSOR_IDENTIFIER=Intel64 Family 6 Model 142 Stepping 11, GenuineIntel



---------------  S Y S T E M  ---------------

OS: Windows 10.0 , 64 bit Build 18362 (10.0.18362.329)

CPU:total 8 (initial active 8) (4 cores per cpu, 2 threads per core) family 6 model 142 stepping 11, cmov, cx8, fxsr, mmx, sse, sse2, sse3, ssse3, sse4.1, sse4.2, popcnt, avx, avx2, aes, clmul, erms, 3dnowpref, lzcnt, ht, tsc, tscinvbit, bmi1, bmi2, adx

Memory: 4k page, physical 8230644k(326456k free), swap 29743984k(164k free)

vm_info: OpenJDK 64-Bit Server VM (25.202-b03) for windows-amd64 JRE (1.8.0_202-release-1483-b03), built by "builder" with MS VC++ 10.0 (VS2010)

time: Mon Nov 25 00:24:02 2019
timezone: 中国标准时间
elapsed time: 1534 seconds (0d 0h 25m 34s)

